<?xml version="1.0" encoding="UTF-8"?>
<!-- Generated by org.testng.reporters.JUnitXMLReporter -->
<testsuite ignored="1" hostname="KIRTHANA" failures="0" tests="2" name="HRM Test 2" time="26.217" errors="0" timestamp="2026-04-19T21:00:45 IST">
  <testcase classname="com.toppan.test.DummyTest" name="dummyTest" time="0.014">
    <skipped/>
  </testcase> <!-- dummyTest -->
  <testcase classname="com.toppan.test.DummyTestTwo" name="dummyTest2" time="0.011"/>
  <testcase classname="com.toppan.base.BaseClass" name="@BeforeSuite loadConfig" time="0.0">
    <ignored/>
  </testcase> <!-- @BeforeSuite loadConfig -->
</testsuite> <!-- HRM Test 2 -->
