<?xml version="1.0" encoding="UTF-8"?>
<!-- Generated by org.testng.reporters.JUnitXMLReporter -->
<testsuite ignored="1" hostname="KIRTHANA" failures="0" tests="4" name="HRM Test" time="317.638" errors="0" timestamp="2026-04-19T17:23:30 IST">
  <testcase classname="com.toppan.test.LoginPageTest" name="inValidLoginTest" time="2.957"/>
  <testcase classname="com.toppan.test.LoginPageTest" name="inValidLoginTest" time="2.51"/>
  <testcase classname="com.toppan.test.LoginPageTest" name="verifyValidLoginTest" time="139.225"/>
  <testcase classname="com.toppan.test.HomePageTest" name="verifyOrangeHRMLogo" time="137.951"/>
  <testcase classname="com.toppan.base.BaseClass" name="@BeforeSuite loadConfig" time="0.0">
    <ignored/>
  </testcase> <!-- @BeforeSuite loadConfig -->
</testsuite> <!-- HRM Test -->
