<?xml version="1.0" encoding="UTF-8"?>
<!-- Generated by org.testng.reporters.JUnitXMLReporter -->
<testsuite ignored="1" hostname="KIRTHANA" failures="0" tests="4" name="HRM Test" time="323.333" errors="0" timestamp="2026-04-19T21:05:41 IST">
  <testcase classname="com.toppan.test.LoginPageTest" name="inValidLoginTest" time="2.684"/>
  <testcase classname="com.toppan.test.LoginPageTest" name="inValidLoginTest" time="4.2"/>
  <testcase classname="com.toppan.test.LoginPageTest" name="verifyValidLoginTest" time="138.095"/>
  <testcase classname="com.toppan.test.HomePageTest" name="verifyOrangeHRMLogo" time="138.234"/>
  <testcase classname="com.toppan.base.BaseClass" name="@BeforeSuite loadConfig" time="0.0">
    <ignored/>
  </testcase> <!-- @BeforeSuite loadConfig -->
</testsuite> <!-- HRM Test -->
