<?xml version="1.0" encoding="UTF-8"?>
<testng-results ignored="1" total="4" passed="2" failed="0" skipped="1">
  <reporter-output>
  </reporter-output>
  <suite started-at="2026-04-19T16:58:26 IST" name="Failed suite [Failed suite [Failed suite [Failed suite [HRM Test Suite]]]]" finished-at="2026-04-19T17:03:25 IST" duration-ms="298906">
    <groups>
    </groups>
    <test started-at="2026-04-19T16:58:26 IST" name="HRM Test 2(failed)(failed)(failed)(failed)" finished-at="2026-04-19T16:58:38 IST" duration-ms="12435">
      <class name="com.toppan.test.DummyTest">
        <test-method is-config="true" signature="setup()[pri:0, instance:com.toppan.test.DummyTest@6f63b475]" started-at="2026-04-19T16:58:26 IST" name="setup" finished-at="2026-04-19T16:58:38 IST" duration-ms="11765" status="PASS">
          <reporter-output>
          </reporter-output>
        </test-method> <!-- setup -->
        <test-method signature="dummyTest()[pri:0, instance:com.toppan.test.DummyTest@6f63b475]" started-at="2026-04-19T16:58:38 IST" name="dummyTest" finished-at="2026-04-19T16:58:38 IST" duration-ms="13" status="SKIP">
          <exception class="org.testng.SkipException">
            <message>
              <![CDATA[Skipping the test as part of Testing]]>
            </message>
            <full-stacktrace>
              <![CDATA[org.testng.SkipException: Skipping the test as part of Testing
at com.toppan.test.DummyTest.dummyTest(DummyTest.java:24)
at java.base/jdk.internal.reflect.DirectMethodHandleAccessor.invoke(DirectMethodHandleAccessor.java:103)
at java.base/java.lang.reflect.Method.invoke(Method.java:580)
at org.testng.internal.invokers.MethodInvocationHelper.invokeMethod(MethodInvocationHelper.java:141)
at org.testng.internal.invokers.TestInvoker.invokeMethod(TestInvoker.java:687)
at org.testng.internal.invokers.TestInvoker.invokeTestMethod(TestInvoker.java:230)
at org.testng.internal.invokers.MethodRunner.runInSequence(MethodRunner.java:63)
at org.testng.internal.invokers.TestInvoker$MethodInvocationAgent.invoke(TestInvoker.java:995)
at org.testng.internal.invokers.TestInvoker.invokeTestMethods(TestInvoker.java:203)
at org.testng.internal.invokers.TestMethodWorker.invokeTestMethods(TestMethodWorker.java:154)
at org.testng.internal.invokers.TestMethodWorker.run(TestMethodWorker.java:134)
at java.base/java.util.ArrayList.forEach(ArrayList.java:1596)
at org.testng.TestRunner.privateRun(TestRunner.java:741)
at org.testng.TestRunner.run(TestRunner.java:616)
at org.testng.SuiteRunner.runTest(SuiteRunner.java:421)
at org.testng.SuiteRunner$SuiteWorker.run(SuiteRunner.java:463)
at org.testng.internal.thread.ThreadUtil.lambda$execute$0(ThreadUtil.java:64)
at java.base/java.util.concurrent.FutureTask.run(FutureTask.java:317)
at java.base/java.util.concurrent.ThreadPoolExecutor.runWorker(ThreadPoolExecutor.java:1144)
at java.base/java.util.concurrent.ThreadPoolExecutor$Worker.run(ThreadPoolExecutor.java:642)
at java.base/java.lang.Thread.run(Thread.java:1583)
]]>
            </full-stacktrace>
          </exception> <!-- org.testng.SkipException -->
          <reporter-output>
          </reporter-output>
        </test-method> <!-- dummyTest -->
        <test-method is-config="true" signature="tearDown()[pri:0, instance:com.toppan.test.DummyTest@6f63b475]" started-at="2026-04-19T16:58:38 IST" name="tearDown" finished-at="2026-04-19T16:58:38 IST" duration-ms="289" status="PASS">
          <reporter-output>
          </reporter-output>
        </test-method> <!-- tearDown -->
      </class> <!-- com.toppan.test.DummyTest -->
    </test> <!-- HRM Test 2(failed)(failed)(failed)(failed) -->
    <test started-at="2026-04-19T16:58:26 IST" name="HRM Test(failed)(failed)(failed)(failed)" finished-at="2026-04-19T17:03:25 IST" duration-ms="298906">
      <class name="com.toppan.test.LoginPageTest">
        <test-method is-config="true" signature="loadConfig()[pri:0, instance:com.toppan.test.LoginPageTest@3d1848cc]" started-at="2026-04-19T16:58:26 IST" name="loadConfig" finished-at="2026-04-19T16:58:26 IST" duration-ms="40" status="PASS">
          <reporter-output>
          </reporter-output>
        </test-method> <!-- loadConfig -->
        <test-method is-config="true" signature="setup()[pri:0, instance:com.toppan.test.LoginPageTest@3d1848cc]" started-at="2026-04-19T16:58:27 IST" name="setup" finished-at="2026-04-19T16:58:36 IST" duration-ms="8259" status="PASS">
          <reporter-output>
          </reporter-output>
        </test-method> <!-- setup -->
        <test-method is-config="true" signature="setupPages()[pri:0, instance:com.toppan.test.LoginPageTest@3d1848cc]" started-at="2026-04-19T16:58:36 IST" name="setupPages" finished-at="2026-04-19T16:58:36 IST" duration-ms="12" status="PASS">
          <reporter-output>
          </reporter-output>
        </test-method> <!-- setupPages -->
        <test-method signature="verifyValidLoginTest(java.lang.String,java.lang.String)[pri:0, instance:com.toppan.test.LoginPageTest@3d1848cc]" started-at="2026-04-19T16:58:36 IST" name="verifyValidLoginTest" data-provider="validLoginData" finished-at="2026-04-19T17:00:55 IST" duration-ms="139797" status="PASS">
          <params>
            <param index="0">
              <value>
                <![CDATA[Admin]]>
              </value>
            </param>
            <param index="1">
              <value>
                <![CDATA[admin123]]>
              </value>
            </param>
          </params>
          <reporter-output>
          </reporter-output>
        </test-method> <!-- verifyValidLoginTest -->
        <test-method is-config="true" signature="tearDown()[pri:0, instance:com.toppan.test.LoginPageTest@3d1848cc]" started-at="2026-04-19T17:00:56 IST" name="tearDown" finished-at="2026-04-19T17:00:56 IST" duration-ms="438" status="PASS">
          <reporter-output>
          </reporter-output>
        </test-method> <!-- tearDown -->
      </class> <!-- com.toppan.test.LoginPageTest -->
      <class name="com.toppan.test.HomePageTest">
        <test-method is-config="true" signature="setup()[pri:0, instance:com.toppan.test.HomePageTest@21a21c64]" started-at="2026-04-19T17:00:56 IST" name="setup" finished-at="2026-04-19T17:01:07 IST" duration-ms="11125" status="PASS">
          <reporter-output>
          </reporter-output>
        </test-method> <!-- setup -->
        <test-method is-config="true" signature="setupPages()[pri:0, instance:com.toppan.test.HomePageTest@21a21c64]" started-at="2026-04-19T17:01:07 IST" name="setupPages" finished-at="2026-04-19T17:01:07 IST" duration-ms="5" status="PASS">
          <reporter-output>
          </reporter-output>
        </test-method> <!-- setupPages -->
        <test-method signature="verifyOrangeHRMLogo(java.lang.String,java.lang.String)[pri:0, instance:com.toppan.test.HomePageTest@21a21c64]" started-at="2026-04-19T17:01:07 IST" name="verifyOrangeHRMLogo" data-provider="validLoginData" finished-at="2026-04-19T17:03:24 IST" duration-ms="136935" status="PASS">
          <params>
            <param index="0">
              <value>
                <![CDATA[Admin]]>
              </value>
            </param>
            <param index="1">
              <value>
                <![CDATA[admin123]]>
              </value>
            </param>
          </params>
          <reporter-output>
          </reporter-output>
        </test-method> <!-- verifyOrangeHRMLogo -->
        <test-method is-config="true" signature="tearDown()[pri:0, instance:com.toppan.test.HomePageTest@21a21c64]" started-at="2026-04-19T17:03:24 IST" name="tearDown" finished-at="2026-04-19T17:03:25 IST" duration-ms="334" status="PASS">
          <reporter-output>
          </reporter-output>
        </test-method> <!-- tearDown -->
      </class> <!-- com.toppan.test.HomePageTest -->
    </test> <!-- HRM Test(failed)(failed)(failed)(failed) -->
  </suite> <!-- Failed suite [Failed suite [Failed suite [Failed suite [HRM Test Suite]]]] -->
</testng-results>
