<?xml version="1.0" encoding="UTF-8"?>
<!-- Generated by org.testng.reporters.JUnitReportReporter -->
<testsuite hostname="KIRTHANA" failures="0" tests="3" name="com.toppan.test.LoginPageTest" time="168.027" errors="0" timestamp="2026-04-19T17:23:30 IST" skipped="0">
  <testcase classname="com.toppan.test.LoginPageTest" name="inValidLoginTest" time="11.303"/>
  <testcase classname="com.toppan.test.LoginPageTest" name="verifyValidLoginTest" time="147.167"/>
  <testcase classname="com.toppan.test.LoginPageTest" name="inValidLoginTest" time="9.557"/>
</testsuite> <!-- com.toppan.test.LoginPageTest -->
