<?xml version="1.0" encoding="UTF-8"?>
<!-- Generated by org.testng.reporters.JUnitReportReporter -->
<testsuite hostname="KIRTHANA" failures="0" tests="3" name="com.toppan.test.LoginPageTest" time="171.327" errors="0" timestamp="2026-04-19T21:05:42 IST" skipped="0">
  <testcase classname="com.toppan.test.LoginPageTest" name="verifyValidLoginTest" time="142.551"/>
  <testcase classname="com.toppan.test.LoginPageTest" name="inValidLoginTest" time="13.032"/>
  <testcase classname="com.toppan.test.LoginPageTest" name="inValidLoginTest" time="15.744"/>
</testsuite> <!-- com.toppan.test.LoginPageTest -->
